2018-08-27 15:39:56.681 [http-nio-8081-exec-1] DEBUG com.my.blog.website.service.impl.ContentServiceImpl - Enter getContents method
2018-08-27 15:39:56.942 [http-nio-8081-exec-1] DEBUG com.my.blog.website.service.impl.ContentServiceImpl - Exit getContents method
2018-08-27 15:40:19.437 [http-nio-8081-exec-9] DEBUG com.my.blog.website.service.impl.SiteServiceImpl - Enter getArchives method
2018-08-27 15:40:19.513 [http-nio-8081-exec-9] DEBUG com.my.blog.website.service.impl.SiteServiceImpl - Exit getArchives method
2018-08-27 15:40:44.585 [http-nio-8081-exec-5] DEBUG com.my.blog.website.service.impl.SiteServiceImpl - Enter getArchives method
2018-08-27 15:40:44.601 [http-nio-8081-exec-5] DEBUG com.my.blog.website.service.impl.SiteServiceImpl - Exit getArchives method
2018-08-27 15:40:46.929 [http-nio-8081-exec-8] DEBUG com.my.blog.website.service.impl.SiteServiceImpl - Enter getArchives method
2018-08-27 15:40:46.946 [http-nio-8081-exec-8] DEBUG com.my.blog.website.service.impl.SiteServiceImpl - Exit getArchives method
2018-08-27 15:40:53.282 [http-nio-8081-exec-2] DEBUG com.my.blog.website.service.impl.ContentServiceImpl - Enter getContents method
2018-08-27 15:40:53.299 [http-nio-8081-exec-2] DEBUG com.my.blog.website.service.impl.ContentServiceImpl - Exit getContents method
2018-08-27 15:41:30.812 [http-nio-8081-exec-5] DEBUG com.my.blog.website.service.impl.SiteServiceImpl - Enter getArchives method
2018-08-27 15:41:30.823 [http-nio-8081-exec-5] DEBUG com.my.blog.website.service.impl.SiteServiceImpl - Exit getArchives method
2018-08-27 15:41:32.401 [http-nio-8081-exec-6] DEBUG com.my.blog.website.service.impl.SiteServiceImpl - Enter getArchives method
2018-08-27 15:41:32.411 [http-nio-8081-exec-6] DEBUG com.my.blog.website.service.impl.SiteServiceImpl - Exit getArchives method
2018-08-27 15:41:36.455 [http-nio-8081-exec-4] DEBUG com.my.blog.website.service.impl.ContentServiceImpl - Enter getContents method
2018-08-27 15:41:36.468 [http-nio-8081-exec-4] DEBUG com.my.blog.website.service.impl.ContentServiceImpl - Exit getContents method
2018-08-27 15:45:13.474 [http-nio-8081-exec-2] INFO  com.my.blog.website.controller.admin.IndexController - Enter admin index method
2018-08-27 15:45:13.474 [http-nio-8081-exec-2] DEBUG com.my.blog.website.service.impl.SiteServiceImpl - Enter recentComments method:limit=5
2018-08-27 15:45:13.480 [http-nio-8081-exec-2] DEBUG com.my.blog.website.service.impl.SiteServiceImpl - Exit recentComments method
2018-08-27 15:45:13.480 [http-nio-8081-exec-2] DEBUG com.my.blog.website.service.impl.SiteServiceImpl - Enter recentContents method
2018-08-27 15:45:13.487 [http-nio-8081-exec-2] DEBUG com.my.blog.website.service.impl.SiteServiceImpl - Exit recentContents method
2018-08-27 15:45:13.487 [http-nio-8081-exec-2] DEBUG com.my.blog.website.service.impl.SiteServiceImpl - Enter getStatistics method
2018-08-27 15:45:13.510 [http-nio-8081-exec-2] DEBUG com.my.blog.website.service.impl.SiteServiceImpl - Exit getStatistics method
2018-08-27 15:45:13.510 [http-nio-8081-exec-2] DEBUG com.my.blog.website.service.impl.LogServiceImpl - Enter getLogs method:page=1,linit=5
2018-08-27 15:45:13.517 [http-nio-8081-exec-2] DEBUG com.my.blog.website.service.impl.LogServiceImpl - Exit getLogs method
2018-08-27 15:45:13.517 [http-nio-8081-exec-2] INFO  com.my.blog.website.controller.admin.IndexController - Exit admin index method
2018-08-27 15:47:20.310 [http-nio-8081-exec-6] INFO  com.my.blog.website.controller.admin.IndexController - Enter admin index method
2018-08-27 15:47:20.310 [http-nio-8081-exec-6] DEBUG com.my.blog.website.service.impl.SiteServiceImpl - Enter recentComments method:limit=5
2018-08-27 15:47:20.317 [http-nio-8081-exec-6] DEBUG com.my.blog.website.service.impl.SiteServiceImpl - Exit recentComments method
2018-08-27 15:47:20.317 [http-nio-8081-exec-6] DEBUG com.my.blog.website.service.impl.SiteServiceImpl - Enter recentContents method
2018-08-27 15:47:20.327 [http-nio-8081-exec-6] DEBUG com.my.blog.website.service.impl.SiteServiceImpl - Exit recentContents method
2018-08-27 15:47:20.327 [http-nio-8081-exec-6] DEBUG com.my.blog.website.service.impl.SiteServiceImpl - Enter getStatistics method
2018-08-27 15:47:20.344 [http-nio-8081-exec-6] DEBUG com.my.blog.website.service.impl.SiteServiceImpl - Exit getStatistics method
2018-08-27 15:47:20.344 [http-nio-8081-exec-6] DEBUG com.my.blog.website.service.impl.LogServiceImpl - Enter getLogs method:page=1,linit=5
2018-08-27 15:47:20.348 [http-nio-8081-exec-6] DEBUG com.my.blog.website.service.impl.LogServiceImpl - Exit getLogs method
2018-08-27 15:47:20.348 [http-nio-8081-exec-6] INFO  com.my.blog.website.controller.admin.IndexController - Exit admin index method
2018-08-27 15:47:29.927 [http-nio-8081-exec-1] INFO  com.my.blog.website.controller.admin.IndexController - Enter admin index method
2018-08-27 15:47:29.928 [http-nio-8081-exec-1] DEBUG com.my.blog.website.service.impl.SiteServiceImpl - Enter recentComments method:limit=5
2018-08-27 15:47:29.932 [http-nio-8081-exec-1] DEBUG com.my.blog.website.service.impl.SiteServiceImpl - Exit recentComments method
2018-08-27 15:47:29.932 [http-nio-8081-exec-1] DEBUG com.my.blog.website.service.impl.SiteServiceImpl - Enter recentContents method
2018-08-27 15:47:29.942 [http-nio-8081-exec-1] DEBUG com.my.blog.website.service.impl.SiteServiceImpl - Exit recentContents method
2018-08-27 15:47:29.942 [http-nio-8081-exec-1] DEBUG com.my.blog.website.service.impl.SiteServiceImpl - Enter getStatistics method
2018-08-27 15:47:29.949 [http-nio-8081-exec-1] DEBUG com.my.blog.website.service.impl.SiteServiceImpl - Exit getStatistics method
2018-08-27 15:47:29.949 [http-nio-8081-exec-1] DEBUG com.my.blog.website.service.impl.LogServiceImpl - Enter getLogs method:page=1,linit=5
2018-08-27 15:47:29.953 [http-nio-8081-exec-1] DEBUG com.my.blog.website.service.impl.LogServiceImpl - Exit getLogs method
2018-08-27 15:47:29.953 [http-nio-8081-exec-1] INFO  com.my.blog.website.controller.admin.IndexController - Exit admin index method
2018-08-27 15:47:36.675 [http-nio-8081-exec-2] DEBUG com.my.blog.website.service.impl.ContentServiceImpl - Enter getContents method
2018-08-27 15:47:36.687 [http-nio-8081-exec-2] DEBUG com.my.blog.website.service.impl.ContentServiceImpl - Exit getContents method
2018-08-27 15:48:59.065 [http-nio-8081-exec-10] DEBUG com.my.blog.website.service.impl.RelationshipServiceImpl - Enter countById method:cid=7,mid=20
2018-08-27 15:48:59.072 [http-nio-8081-exec-10] DEBUG com.my.blog.website.service.impl.RelationshipServiceImpl - Exit countById method return num=0
2018-08-27 15:49:04.458 [http-nio-8081-exec-4] DEBUG com.my.blog.website.service.impl.ContentServiceImpl - Enter getContents method
2018-08-27 15:49:04.474 [http-nio-8081-exec-4] DEBUG com.my.blog.website.service.impl.ContentServiceImpl - Exit getContents method
2018-08-27 15:49:17.912 [http-nio-8081-exec-6] DEBUG com.my.blog.website.service.impl.ContentServiceImpl - Enter getContents method
2018-08-27 15:49:17.926 [http-nio-8081-exec-6] DEBUG com.my.blog.website.service.impl.ContentServiceImpl - Exit getContents method
2018-08-27 15:49:26.807 [http-nio-8081-exec-3] DEBUG com.my.blog.website.service.impl.SiteServiceImpl - Enter getArchives method
2018-08-27 15:49:26.822 [http-nio-8081-exec-3] DEBUG com.my.blog.website.service.impl.SiteServiceImpl - Exit getArchives method
2018-08-27 15:49:36.872 [http-nio-8081-exec-5] DEBUG com.my.blog.website.service.impl.SiteServiceImpl - Enter getArchives method
2018-08-27 15:49:36.887 [http-nio-8081-exec-5] DEBUG com.my.blog.website.service.impl.SiteServiceImpl - Exit getArchives method
2018-08-27 15:49:41.035 [http-nio-8081-exec-9] DEBUG com.my.blog.website.service.impl.ContentServiceImpl - Enter getContents method
2018-08-27 15:49:41.044 [http-nio-8081-exec-9] DEBUG com.my.blog.website.service.impl.ContentServiceImpl - Exit getContents method
2018-08-27 15:50:09.959 [http-nio-8081-exec-2] DEBUG com.my.blog.website.service.impl.ContentServiceImpl - Enter getContents method
2018-08-27 15:50:09.971 [http-nio-8081-exec-2] DEBUG com.my.blog.website.service.impl.ContentServiceImpl - Exit getContents method
2018-08-27 15:50:13.628 [http-nio-8081-exec-5] DEBUG com.my.blog.website.service.impl.ContentServiceImpl - Enter getContents method
2018-08-27 15:50:13.642 [http-nio-8081-exec-5] DEBUG com.my.blog.website.service.impl.ContentServiceImpl - Exit getContents method
2018-08-27 15:50:14.523 [http-nio-8081-exec-6] DEBUG com.my.blog.website.service.impl.ContentServiceImpl - Enter getContents method
2018-08-27 15:50:14.540 [http-nio-8081-exec-6] DEBUG com.my.blog.website.service.impl.ContentServiceImpl - Exit getContents method
2018-08-27 15:51:51.758 [http-nio-8081-exec-10] INFO  com.my.blog.website.controller.admin.IndexController - Enter admin index method
2018-08-27 15:51:51.758 [http-nio-8081-exec-10] DEBUG com.my.blog.website.service.impl.SiteServiceImpl - Enter recentComments method:limit=5
2018-08-27 15:51:51.806 [http-nio-8081-exec-10] DEBUG com.my.blog.website.service.impl.SiteServiceImpl - Exit recentComments method
2018-08-27 15:51:51.806 [http-nio-8081-exec-10] DEBUG com.my.blog.website.service.impl.SiteServiceImpl - Enter recentContents method
2018-08-27 15:51:51.823 [http-nio-8081-exec-10] DEBUG com.my.blog.website.service.impl.SiteServiceImpl - Exit recentContents method
2018-08-27 15:51:51.823 [http-nio-8081-exec-10] DEBUG com.my.blog.website.service.impl.SiteServiceImpl - Enter getStatistics method
2018-08-27 15:51:51.837 [http-nio-8081-exec-10] DEBUG com.my.blog.website.service.impl.SiteServiceImpl - Exit getStatistics method
2018-08-27 15:51:51.837 [http-nio-8081-exec-10] DEBUG com.my.blog.website.service.impl.LogServiceImpl - Enter getLogs method:page=1,linit=5
2018-08-27 15:51:51.843 [http-nio-8081-exec-10] DEBUG com.my.blog.website.service.impl.LogServiceImpl - Exit getLogs method
2018-08-27 15:51:51.843 [http-nio-8081-exec-10] INFO  com.my.blog.website.controller.admin.IndexController - Exit admin index method
2018-08-27 15:54:19.885 [http-nio-8081-exec-5] INFO  com.my.blog.website.controller.admin.IndexController - Enter admin index method
2018-08-27 15:54:19.885 [http-nio-8081-exec-5] DEBUG com.my.blog.website.service.impl.SiteServiceImpl - Enter recentComments method:limit=5
2018-08-27 15:54:19.892 [http-nio-8081-exec-5] DEBUG com.my.blog.website.service.impl.SiteServiceImpl - Exit recentComments method
2018-08-27 15:54:19.892 [http-nio-8081-exec-5] DEBUG com.my.blog.website.service.impl.SiteServiceImpl - Enter recentContents method
2018-08-27 15:54:19.901 [http-nio-8081-exec-5] DEBUG com.my.blog.website.service.impl.SiteServiceImpl - Exit recentContents method
2018-08-27 15:54:19.901 [http-nio-8081-exec-5] DEBUG com.my.blog.website.service.impl.SiteServiceImpl - Enter getStatistics method
2018-08-27 15:54:19.918 [http-nio-8081-exec-5] DEBUG com.my.blog.website.service.impl.SiteServiceImpl - Exit getStatistics method
2018-08-27 15:54:19.918 [http-nio-8081-exec-5] DEBUG com.my.blog.website.service.impl.LogServiceImpl - Enter getLogs method:page=1,linit=5
2018-08-27 15:54:19.922 [http-nio-8081-exec-5] DEBUG com.my.blog.website.service.impl.LogServiceImpl - Exit getLogs method
2018-08-27 15:54:19.922 [http-nio-8081-exec-5] INFO  com.my.blog.website.controller.admin.IndexController - Exit admin index method
2018-08-27 15:58:35.631 [http-nio-8081-exec-1] DEBUG com.my.blog.website.service.impl.ContentServiceImpl - Enter getContents method
2018-08-27 15:58:35.641 [http-nio-8081-exec-1] DEBUG com.my.blog.website.service.impl.ContentServiceImpl - Exit getContents method
2018-08-27 16:03:35.444 [http-nio-8081-exec-8] INFO  com.my.blog.website.controller.admin.IndexController - Enter admin index method
2018-08-27 16:03:35.444 [http-nio-8081-exec-8] DEBUG com.my.blog.website.service.impl.SiteServiceImpl - Enter recentComments method:limit=5
2018-08-27 16:03:35.489 [http-nio-8081-exec-8] DEBUG com.my.blog.website.service.impl.SiteServiceImpl - Exit recentComments method
2018-08-27 16:03:35.489 [http-nio-8081-exec-8] DEBUG com.my.blog.website.service.impl.SiteServiceImpl - Enter recentContents method
2018-08-27 16:03:35.511 [http-nio-8081-exec-8] DEBUG com.my.blog.website.service.impl.SiteServiceImpl - Exit recentContents method
2018-08-27 16:03:35.511 [http-nio-8081-exec-8] DEBUG com.my.blog.website.service.impl.SiteServiceImpl - Enter getStatistics method
2018-08-27 16:03:35.673 [http-nio-8081-exec-8] DEBUG com.my.blog.website.service.impl.SiteServiceImpl - Exit getStatistics method
2018-08-27 16:03:35.673 [http-nio-8081-exec-8] DEBUG com.my.blog.website.service.impl.LogServiceImpl - Enter getLogs method:page=1,linit=5
2018-08-27 16:03:35.685 [http-nio-8081-exec-8] DEBUG com.my.blog.website.service.impl.LogServiceImpl - Exit getLogs method
2018-08-27 16:03:35.685 [http-nio-8081-exec-8] INFO  com.my.blog.website.controller.admin.IndexController - Exit admin index method
2018-08-27 16:04:08.541 [http-nio-8081-exec-6] DEBUG com.my.blog.website.service.impl.ContentServiceImpl - Enter getContents method
2018-08-27 16:04:08.551 [http-nio-8081-exec-6] DEBUG com.my.blog.website.service.impl.ContentServiceImpl - Exit getContents method
2018-08-27 16:04:17.996 [http-nio-8081-exec-10] DEBUG com.my.blog.website.service.impl.ContentServiceImpl - Enter getContents method
2018-08-27 16:04:18.014 [http-nio-8081-exec-10] DEBUG com.my.blog.website.service.impl.ContentServiceImpl - Exit getContents method
2018-08-27 16:04:19.101 [http-nio-8081-exec-10] DEBUG com.my.blog.website.service.impl.ContentServiceImpl - Enter getContents method
2018-08-27 16:04:19.115 [http-nio-8081-exec-10] DEBUG com.my.blog.website.service.impl.ContentServiceImpl - Exit getContents method
2018-08-27 16:04:19.840 [http-nio-8081-exec-4] DEBUG com.my.blog.website.service.impl.ContentServiceImpl - Enter getContents method
2018-08-27 16:04:19.910 [http-nio-8081-exec-4] DEBUG com.my.blog.website.service.impl.ContentServiceImpl - Exit getContents method
2018-08-27 16:04:27.139 [http-nio-8081-exec-10] DEBUG com.my.blog.website.service.impl.ContentServiceImpl - Enter getContents method
2018-08-27 16:04:27.155 [http-nio-8081-exec-10] DEBUG com.my.blog.website.service.impl.ContentServiceImpl - Exit getContents method
2018-08-27 16:04:46.511 [http-nio-8081-exec-9] DEBUG com.my.blog.website.service.impl.ContentServiceImpl - Enter getContents method
2018-08-27 16:04:46.524 [http-nio-8081-exec-9] DEBUG com.my.blog.website.service.impl.ContentServiceImpl - Exit getContents method
2018-08-27 16:09:02.225 [http-nio-8081-exec-2] DEBUG com.my.blog.website.service.impl.SiteServiceImpl - Enter getArchives method
2018-08-27 16:09:02.245 [http-nio-8081-exec-2] DEBUG com.my.blog.website.service.impl.SiteServiceImpl - Exit getArchives method
2018-08-27 16:09:04.101 [http-nio-8081-exec-8] DEBUG com.my.blog.website.service.impl.SiteServiceImpl - Enter getArchives method
2018-08-27 16:09:04.119 [http-nio-8081-exec-8] DEBUG com.my.blog.website.service.impl.SiteServiceImpl - Exit getArchives method
2018-08-27 16:09:07.660 [http-nio-8081-exec-5] DEBUG com.my.blog.website.service.impl.ContentServiceImpl - Enter getContents method
2018-08-27 16:09:07.674 [http-nio-8081-exec-5] DEBUG com.my.blog.website.service.impl.ContentServiceImpl - Exit getContents method
2018-08-27 16:15:30.563 [http-nio-8081-exec-6] INFO  com.my.blog.website.controller.admin.IndexController - Enter admin index method
2018-08-27 16:15:30.563 [http-nio-8081-exec-6] DEBUG com.my.blog.website.service.impl.SiteServiceImpl - Enter recentComments method:limit=5
2018-08-27 16:15:30.574 [http-nio-8081-exec-6] DEBUG com.my.blog.website.service.impl.SiteServiceImpl - Exit recentComments method
2018-08-27 16:15:30.574 [http-nio-8081-exec-6] DEBUG com.my.blog.website.service.impl.SiteServiceImpl - Enter recentContents method
2018-08-27 16:15:30.583 [http-nio-8081-exec-6] DEBUG com.my.blog.website.service.impl.SiteServiceImpl - Exit recentContents method
2018-08-27 16:15:30.583 [http-nio-8081-exec-6] DEBUG com.my.blog.website.service.impl.SiteServiceImpl - Enter getStatistics method
2018-08-27 16:15:30.596 [http-nio-8081-exec-6] DEBUG com.my.blog.website.service.impl.SiteServiceImpl - Exit getStatistics method
2018-08-27 16:15:30.596 [http-nio-8081-exec-6] DEBUG com.my.blog.website.service.impl.LogServiceImpl - Enter getLogs method:page=1,linit=5
2018-08-27 16:15:30.599 [http-nio-8081-exec-6] DEBUG com.my.blog.website.service.impl.LogServiceImpl - Exit getLogs method
2018-08-27 16:15:30.599 [http-nio-8081-exec-6] INFO  com.my.blog.website.controller.admin.IndexController - Exit admin index method
2018-08-27 16:57:23.185 [http-nio-8081-exec-1] DEBUG com.my.blog.website.service.impl.ContentServiceImpl - Enter getContents method
2018-08-27 16:57:23.733 [http-nio-8081-exec-1] DEBUG com.my.blog.website.service.impl.ContentServiceImpl - Exit getContents method
2018-08-27 16:58:03.886 [http-nio-8081-exec-5] DEBUG com.my.blog.website.service.impl.ContentServiceImpl - Enter getContents method
2018-08-27 16:58:03.905 [http-nio-8081-exec-5] DEBUG com.my.blog.website.service.impl.ContentServiceImpl - Exit getContents method
2018-08-27 16:59:31.112 [http-nio-8081-exec-1] DEBUG com.my.blog.website.service.impl.ContentServiceImpl - Enter getContents method
2018-08-27 16:59:31.255 [http-nio-8081-exec-1] DEBUG com.my.blog.website.service.impl.ContentServiceImpl - Exit getContents method
2018-08-27 16:59:57.911 [http-nio-8081-exec-7] DEBUG com.my.blog.website.service.impl.ContentServiceImpl - Enter getContents method
2018-08-27 16:59:57.934 [http-nio-8081-exec-7] DEBUG com.my.blog.website.service.impl.ContentServiceImpl - Exit getContents method
2018-08-27 17:00:34.996 [http-nio-8081-exec-1] DEBUG com.my.blog.website.service.impl.ContentServiceImpl - Enter getContents method
2018-08-27 17:00:35.011 [http-nio-8081-exec-1] DEBUG com.my.blog.website.service.impl.ContentServiceImpl - Exit getContents method
2018-08-27 17:01:56.853 [http-nio-8081-exec-6] INFO  com.my.blog.website.controller.admin.IndexController - Enter admin index method
2018-08-27 17:01:56.854 [http-nio-8081-exec-6] DEBUG com.my.blog.website.service.impl.SiteServiceImpl - Enter recentComments method:limit=5
2018-08-27 17:01:56.889 [http-nio-8081-exec-6] DEBUG com.my.blog.website.service.impl.SiteServiceImpl - Exit recentComments method
2018-08-27 17:01:56.889 [http-nio-8081-exec-6] DEBUG com.my.blog.website.service.impl.SiteServiceImpl - Enter recentContents method
2018-08-27 17:01:56.908 [http-nio-8081-exec-6] DEBUG com.my.blog.website.service.impl.SiteServiceImpl - Exit recentContents method
2018-08-27 17:01:56.908 [http-nio-8081-exec-6] DEBUG com.my.blog.website.service.impl.SiteServiceImpl - Enter getStatistics method
2018-08-27 17:01:56.958 [http-nio-8081-exec-6] DEBUG com.my.blog.website.service.impl.SiteServiceImpl - Exit getStatistics method
2018-08-27 17:01:56.958 [http-nio-8081-exec-6] DEBUG com.my.blog.website.service.impl.LogServiceImpl - Enter getLogs method:page=1,linit=5
2018-08-27 17:01:56.963 [http-nio-8081-exec-6] DEBUG com.my.blog.website.service.impl.LogServiceImpl - Exit getLogs method
2018-08-27 17:01:56.963 [http-nio-8081-exec-6] INFO  com.my.blog.website.controller.admin.IndexController - Exit admin index method
2018-08-27 17:02:20.200 [http-nio-8081-exec-6] INFO  com.my.blog.website.controller.admin.IndexController - Enter admin index method
2018-08-27 17:02:20.200 [http-nio-8081-exec-6] DEBUG com.my.blog.website.service.impl.SiteServiceImpl - Enter recentComments method:limit=5
2018-08-27 17:02:20.207 [http-nio-8081-exec-6] DEBUG com.my.blog.website.service.impl.SiteServiceImpl - Exit recentComments method
2018-08-27 17:02:20.207 [http-nio-8081-exec-6] DEBUG com.my.blog.website.service.impl.SiteServiceImpl - Enter recentContents method
2018-08-27 17:02:20.214 [http-nio-8081-exec-6] DEBUG com.my.blog.website.service.impl.SiteServiceImpl - Exit recentContents method
2018-08-27 17:02:20.214 [http-nio-8081-exec-6] DEBUG com.my.blog.website.service.impl.SiteServiceImpl - Enter getStatistics method
2018-08-27 17:02:20.224 [http-nio-8081-exec-6] DEBUG com.my.blog.website.service.impl.SiteServiceImpl - Exit getStatistics method
2018-08-27 17:02:20.224 [http-nio-8081-exec-6] DEBUG com.my.blog.website.service.impl.LogServiceImpl - Enter getLogs method:page=1,linit=5
2018-08-27 17:02:20.232 [http-nio-8081-exec-6] DEBUG com.my.blog.website.service.impl.LogServiceImpl - Exit getLogs method
2018-08-27 17:02:20.232 [http-nio-8081-exec-6] INFO  com.my.blog.website.controller.admin.IndexController - Exit admin index method
2018-08-27 17:02:22.922 [http-nio-8081-exec-2] INFO  com.my.blog.website.controller.admin.IndexController - Enter admin index method
2018-08-27 17:02:22.922 [http-nio-8081-exec-2] DEBUG com.my.blog.website.service.impl.SiteServiceImpl - Enter recentComments method:limit=5
2018-08-27 17:02:22.934 [http-nio-8081-exec-2] DEBUG com.my.blog.website.service.impl.SiteServiceImpl - Exit recentComments method
2018-08-27 17:02:22.934 [http-nio-8081-exec-2] DEBUG com.my.blog.website.service.impl.SiteServiceImpl - Enter recentContents method
2018-08-27 17:02:22.941 [http-nio-8081-exec-2] DEBUG com.my.blog.website.service.impl.SiteServiceImpl - Exit recentContents method
2018-08-27 17:02:22.941 [http-nio-8081-exec-2] DEBUG com.my.blog.website.service.impl.SiteServiceImpl - Enter getStatistics method
2018-08-27 17:02:22.951 [http-nio-8081-exec-2] DEBUG com.my.blog.website.service.impl.SiteServiceImpl - Exit getStatistics method
2018-08-27 17:02:22.951 [http-nio-8081-exec-2] DEBUG com.my.blog.website.service.impl.LogServiceImpl - Enter getLogs method:page=1,linit=5
2018-08-27 17:02:22.956 [http-nio-8081-exec-2] DEBUG com.my.blog.website.service.impl.LogServiceImpl - Exit getLogs method
2018-08-27 17:02:22.956 [http-nio-8081-exec-2] INFO  com.my.blog.website.controller.admin.IndexController - Exit admin index method
2018-08-27 17:02:23.960 [http-nio-8081-exec-9] INFO  com.my.blog.website.controller.admin.IndexController - Enter admin index method
2018-08-27 17:02:23.960 [http-nio-8081-exec-9] DEBUG com.my.blog.website.service.impl.SiteServiceImpl - Enter recentComments method:limit=5
2018-08-27 17:02:23.974 [http-nio-8081-exec-9] DEBUG com.my.blog.website.service.impl.SiteServiceImpl - Exit recentComments method
2018-08-27 17:02:23.974 [http-nio-8081-exec-9] DEBUG com.my.blog.website.service.impl.SiteServiceImpl - Enter recentContents method
2018-08-27 17:02:24.019 [http-nio-8081-exec-9] DEBUG com.my.blog.website.service.impl.SiteServiceImpl - Exit recentContents method
2018-08-27 17:02:24.019 [http-nio-8081-exec-9] DEBUG com.my.blog.website.service.impl.SiteServiceImpl - Enter getStatistics method
2018-08-27 17:02:24.031 [http-nio-8081-exec-9] DEBUG com.my.blog.website.service.impl.SiteServiceImpl - Exit getStatistics method
2018-08-27 17:02:24.031 [http-nio-8081-exec-9] DEBUG com.my.blog.website.service.impl.LogServiceImpl - Enter getLogs method:page=1,linit=5
2018-08-27 17:02:24.185 [http-nio-8081-exec-9] DEBUG com.my.blog.website.service.impl.LogServiceImpl - Exit getLogs method
2018-08-27 17:02:24.185 [http-nio-8081-exec-9] INFO  com.my.blog.website.controller.admin.IndexController - Exit admin index method
2018-08-27 17:02:39.610 [http-nio-8081-exec-3] INFO  com.my.blog.website.controller.admin.IndexController - Enter admin index method
2018-08-27 17:02:39.610 [http-nio-8081-exec-3] DEBUG com.my.blog.website.service.impl.SiteServiceImpl - Enter recentComments method:limit=5
2018-08-27 17:02:39.618 [http-nio-8081-exec-3] DEBUG com.my.blog.website.service.impl.SiteServiceImpl - Exit recentComments method
2018-08-27 17:02:39.618 [http-nio-8081-exec-3] DEBUG com.my.blog.website.service.impl.SiteServiceImpl - Enter recentContents method
2018-08-27 17:02:39.800 [http-nio-8081-exec-3] DEBUG com.my.blog.website.service.impl.SiteServiceImpl - Exit recentContents method
2018-08-27 17:02:39.800 [http-nio-8081-exec-3] DEBUG com.my.blog.website.service.impl.SiteServiceImpl - Enter getStatistics method
2018-08-27 17:02:39.816 [http-nio-8081-exec-3] DEBUG com.my.blog.website.service.impl.SiteServiceImpl - Exit getStatistics method
2018-08-27 17:02:39.816 [http-nio-8081-exec-3] DEBUG com.my.blog.website.service.impl.LogServiceImpl - Enter getLogs method:page=1,linit=5
2018-08-27 17:02:39.819 [http-nio-8081-exec-3] DEBUG com.my.blog.website.service.impl.LogServiceImpl - Exit getLogs method
2018-08-27 17:02:39.820 [http-nio-8081-exec-3] INFO  com.my.blog.website.controller.admin.IndexController - Exit admin index method
2018-08-27 17:45:39.931 [http-nio-8081-exec-4] DEBUG com.my.blog.website.service.impl.SiteServiceImpl - Enter getArchives method
2018-08-27 17:45:42.927 [http-nio-8081-exec-4] DEBUG com.my.blog.website.service.impl.SiteServiceImpl - Exit getArchives method
2018-08-27 17:45:44.543 [http-nio-8081-exec-4] DEBUG com.my.blog.website.service.impl.SiteServiceImpl - Enter getArchives method
2018-08-27 17:45:44.903 [http-nio-8081-exec-4] DEBUG com.my.blog.website.service.impl.SiteServiceImpl - Exit getArchives method
2018-08-27 17:45:54.169 [http-nio-8081-exec-8] DEBUG com.my.blog.website.service.impl.ContentServiceImpl - Enter getContents method
2018-08-27 17:45:54.347 [http-nio-8081-exec-8] DEBUG com.my.blog.website.service.impl.ContentServiceImpl - Exit getContents method
2018-08-27 17:55:19.789 [http-nio-8081-exec-7] DEBUG com.my.blog.website.service.impl.ContentServiceImpl - Enter getContents method
2018-08-27 17:55:19.831 [http-nio-8081-exec-7] DEBUG com.my.blog.website.service.impl.ContentServiceImpl - Exit getContents method
2018-08-27 17:55:22.821 [http-nio-8081-exec-6] DEBUG com.my.blog.website.service.impl.ContentServiceImpl - Enter getContents method
2018-08-27 17:55:22.840 [http-nio-8081-exec-6] DEBUG com.my.blog.website.service.impl.ContentServiceImpl - Exit getContents method
2018-08-27 17:55:44.838 [http-nio-8081-exec-1] DEBUG com.my.blog.website.service.impl.ContentServiceImpl - Enter getContents method
2018-08-27 17:55:44.876 [http-nio-8081-exec-1] DEBUG com.my.blog.website.service.impl.ContentServiceImpl - Exit getContents method
2018-08-27 17:57:14.017 [http-nio-8081-exec-5] DEBUG com.my.blog.website.service.impl.ContentServiceImpl - Enter getContents method
2018-08-27 17:57:14.034 [http-nio-8081-exec-5] DEBUG com.my.blog.website.service.impl.ContentServiceImpl - Exit getContents method
2018-08-27 17:57:14.877 [http-nio-8081-exec-7] DEBUG com.my.blog.website.service.impl.ContentServiceImpl - Enter getContents method
2018-08-27 17:57:14.886 [http-nio-8081-exec-7] DEBUG com.my.blog.website.service.impl.ContentServiceImpl - Exit getContents method
2018-08-27 17:57:15.399 [http-nio-8081-exec-6] DEBUG com.my.blog.website.service.impl.ContentServiceImpl - Enter getContents method
2018-08-27 17:57:15.412 [http-nio-8081-exec-6] DEBUG com.my.blog.website.service.impl.ContentServiceImpl - Exit getContents method
2018-08-27 17:57:22.099 [http-nio-8081-exec-1] DEBUG com.my.blog.website.service.impl.ContentServiceImpl - Enter getContents method
2018-08-27 17:57:22.119 [http-nio-8081-exec-1] DEBUG com.my.blog.website.service.impl.ContentServiceImpl - Exit getContents method
2018-08-27 18:00:11.769 [http-nio-8081-exec-5] DEBUG com.my.blog.website.service.impl.ContentServiceImpl - Enter getContents method
2018-08-27 18:00:11.778 [http-nio-8081-exec-5] DEBUG com.my.blog.website.service.impl.ContentServiceImpl - Exit getContents method
2018-08-27 18:00:12.433 [http-nio-8081-exec-7] DEBUG com.my.blog.website.service.impl.ContentServiceImpl - Enter getContents method
2018-08-27 18:00:12.442 [http-nio-8081-exec-7] DEBUG com.my.blog.website.service.impl.ContentServiceImpl - Exit getContents method
2018-08-27 18:00:12.695 [http-nio-8081-exec-6] DEBUG com.my.blog.website.service.impl.ContentServiceImpl - Enter getContents method
2018-08-27 18:00:12.704 [http-nio-8081-exec-6] DEBUG com.my.blog.website.service.impl.ContentServiceImpl - Exit getContents method
2018-08-27 18:00:57.258 [http-nio-8081-exec-1] DEBUG com.my.blog.website.service.impl.ContentServiceImpl - Enter getContents method
2018-08-27 18:00:57.603 [http-nio-8081-exec-1] DEBUG com.my.blog.website.service.impl.ContentServiceImpl - Exit getContents method
2018-08-27 18:03:42.275 [http-nio-8081-exec-5] DEBUG com.my.blog.website.service.impl.ContentServiceImpl - Enter getContents method
2018-08-27 18:03:42.309 [http-nio-8081-exec-5] DEBUG com.my.blog.website.service.impl.ContentServiceImpl - Exit getContents method
2018-08-27 18:03:43.004 [http-nio-8081-exec-7] DEBUG com.my.blog.website.service.impl.ContentServiceImpl - Enter getContents method
2018-08-27 18:03:43.035 [http-nio-8081-exec-7] DEBUG com.my.blog.website.service.impl.ContentServiceImpl - Exit getContents method
2018-08-27 18:03:43.521 [http-nio-8081-exec-9] DEBUG com.my.blog.website.service.impl.ContentServiceImpl - Enter getContents method
2018-08-27 18:03:43.549 [http-nio-8081-exec-9] DEBUG com.my.blog.website.service.impl.ContentServiceImpl - Exit getContents method
2018-08-27 18:03:43.686 [http-nio-8081-exec-2] DEBUG com.my.blog.website.service.impl.ContentServiceImpl - Enter getContents method
2018-08-27 18:03:43.698 [http-nio-8081-exec-2] DEBUG com.my.blog.website.service.impl.ContentServiceImpl - Exit getContents method
2018-08-27 18:03:43.851 [http-nio-8081-exec-3] DEBUG com.my.blog.website.service.impl.ContentServiceImpl - Enter getContents method
2018-08-27 18:03:43.864 [http-nio-8081-exec-3] DEBUG com.my.blog.website.service.impl.ContentServiceImpl - Exit getContents method
2018-08-27 18:03:44.016 [http-nio-8081-exec-5] DEBUG com.my.blog.website.service.impl.ContentServiceImpl - Enter getContents method
2018-08-27 18:03:44.041 [http-nio-8081-exec-5] DEBUG com.my.blog.website.service.impl.ContentServiceImpl - Exit getContents method
2018-08-27 18:03:44.174 [http-nio-8081-exec-7] DEBUG com.my.blog.website.service.impl.ContentServiceImpl - Enter getContents method
2018-08-27 18:03:44.189 [http-nio-8081-exec-7] DEBUG com.my.blog.website.service.impl.ContentServiceImpl - Exit getContents method
2018-08-27 18:03:44.317 [http-nio-8081-exec-9] DEBUG com.my.blog.website.service.impl.ContentServiceImpl - Enter getContents method
2018-08-27 18:03:44.326 [http-nio-8081-exec-9] DEBUG com.my.blog.website.service.impl.ContentServiceImpl - Exit getContents method
2018-08-27 18:03:44.451 [http-nio-8081-exec-2] DEBUG com.my.blog.website.service.impl.ContentServiceImpl - Enter getContents method
2018-08-27 18:03:44.460 [http-nio-8081-exec-2] DEBUG com.my.blog.website.service.impl.ContentServiceImpl - Exit getContents method
2018-08-27 18:03:44.607 [http-nio-8081-exec-3] DEBUG com.my.blog.website.service.impl.ContentServiceImpl - Enter getContents method
2018-08-27 18:03:44.625 [http-nio-8081-exec-3] DEBUG com.my.blog.website.service.impl.ContentServiceImpl - Exit getContents method
2018-08-27 18:04:18.777 [http-nio-8081-exec-1] DEBUG com.my.blog.website.service.impl.ContentServiceImpl - Enter getContents method
2018-08-27 18:04:18.922 [http-nio-8081-exec-1] DEBUG com.my.blog.website.service.impl.ContentServiceImpl - Exit getContents method
2018-08-27 18:04:54.006 [http-nio-8081-exec-4] DEBUG com.my.blog.website.service.impl.ContentServiceImpl - Enter getContents method
2018-08-27 18:04:54.022 [http-nio-8081-exec-4] DEBUG com.my.blog.website.service.impl.ContentServiceImpl - Exit getContents method
2018-08-27 18:05:48.827 [http-nio-8081-exec-6] DEBUG com.my.blog.website.service.impl.ContentServiceImpl - Enter getContents method
2018-08-27 18:05:48.859 [http-nio-8081-exec-6] DEBUG com.my.blog.website.service.impl.ContentServiceImpl - Exit getContents method
2018-08-27 18:06:02.206 [http-nio-8081-exec-9] DEBUG com.my.blog.website.service.impl.ContentServiceImpl - Enter getContents method
2018-08-27 18:06:02.232 [http-nio-8081-exec-9] DEBUG com.my.blog.website.service.impl.ContentServiceImpl - Exit getContents method
2018-08-27 18:06:15.249 [http-nio-8081-exec-2] DEBUG com.my.blog.website.service.impl.ContentServiceImpl - Enter getContents method
2018-08-27 18:06:15.271 [http-nio-8081-exec-2] DEBUG com.my.blog.website.service.impl.ContentServiceImpl - Exit getContents method
2018-08-27 18:06:16.148 [http-nio-8081-exec-4] DEBUG com.my.blog.website.service.impl.ContentServiceImpl - Enter getContents method
2018-08-27 18:06:16.161 [http-nio-8081-exec-4] DEBUG com.my.blog.website.service.impl.ContentServiceImpl - Exit getContents method
2018-08-27 18:06:16.332 [http-nio-8081-exec-6] DEBUG com.my.blog.website.service.impl.ContentServiceImpl - Enter getContents method
2018-08-27 18:06:16.348 [http-nio-8081-exec-6] DEBUG com.my.blog.website.service.impl.ContentServiceImpl - Exit getContents method
2018-08-27 18:06:16.499 [http-nio-8081-exec-8] DEBUG com.my.blog.website.service.impl.ContentServiceImpl - Enter getContents method
2018-08-27 18:06:16.515 [http-nio-8081-exec-8] DEBUG com.my.blog.website.service.impl.ContentServiceImpl - Exit getContents method
2018-08-27 18:06:17.055 [http-nio-8081-exec-10] DEBUG com.my.blog.website.service.impl.ContentServiceImpl - Enter getContents method
2018-08-27 18:06:17.072 [http-nio-8081-exec-10] DEBUG com.my.blog.website.service.impl.ContentServiceImpl - Exit getContents method
2018-08-27 18:06:17.498 [http-nio-8081-exec-2] DEBUG com.my.blog.website.service.impl.ContentServiceImpl - Enter getContents method
2018-08-27 18:06:17.517 [http-nio-8081-exec-2] DEBUG com.my.blog.website.service.impl.ContentServiceImpl - Exit getContents method
2018-08-27 18:06:17.768 [http-nio-8081-exec-4] DEBUG com.my.blog.website.service.impl.ContentServiceImpl - Enter getContents method
2018-08-27 18:06:17.781 [http-nio-8081-exec-4] DEBUG com.my.blog.website.service.impl.ContentServiceImpl - Exit getContents method
2018-08-27 18:06:17.950 [http-nio-8081-exec-6] DEBUG com.my.blog.website.service.impl.ContentServiceImpl - Enter getContents method
2018-08-27 18:06:17.965 [http-nio-8081-exec-6] DEBUG com.my.blog.website.service.impl.ContentServiceImpl - Exit getContents method
2018-08-27 18:06:18.183 [http-nio-8081-exec-8] DEBUG com.my.blog.website.service.impl.ContentServiceImpl - Enter getContents method
2018-08-27 18:06:18.199 [http-nio-8081-exec-8] DEBUG com.my.blog.website.service.impl.ContentServiceImpl - Exit getContents method
2018-08-27 18:06:18.461 [http-nio-8081-exec-10] DEBUG com.my.blog.website.service.impl.ContentServiceImpl - Enter getContents method
2018-08-27 18:06:18.482 [http-nio-8081-exec-10] DEBUG com.my.blog.website.service.impl.ContentServiceImpl - Exit getContents method
2018-08-27 18:06:52.390 [http-nio-8081-exec-3] DEBUG com.my.blog.website.service.impl.ContentServiceImpl - Enter getContents method
2018-08-27 18:06:52.409 [http-nio-8081-exec-3] DEBUG com.my.blog.website.service.impl.ContentServiceImpl - Exit getContents method
2018-08-27 18:07:38.389 [http-nio-8081-exec-6] DEBUG com.my.blog.website.service.impl.ContentServiceImpl - Enter getContents method
2018-08-27 18:07:38.407 [http-nio-8081-exec-6] DEBUG com.my.blog.website.service.impl.ContentServiceImpl - Exit getContents method
2018-08-27 18:08:24.077 [http-nio-8081-exec-5] DEBUG com.my.blog.website.service.impl.ContentServiceImpl - Enter getContents method
2018-08-27 18:08:24.095 [http-nio-8081-exec-5] DEBUG com.my.blog.website.service.impl.ContentServiceImpl - Exit getContents method
2018-08-27 18:10:25.548 [http-nio-8081-exec-3] DEBUG com.my.blog.website.service.impl.ContentServiceImpl - Enter getContents method
2018-08-27 18:10:25.564 [http-nio-8081-exec-3] DEBUG com.my.blog.website.service.impl.ContentServiceImpl - Exit getContents method
2018-08-27 18:11:02.102 [http-nio-8081-exec-5] DEBUG com.my.blog.website.service.impl.ContentServiceImpl - Enter getContents method
2018-08-27 18:11:02.109 [http-nio-8081-exec-5] DEBUG com.my.blog.website.service.impl.ContentServiceImpl - Exit getContents method
2018-08-27 18:11:48.285 [http-nio-8081-exec-8] DEBUG com.my.blog.website.service.impl.ContentServiceImpl - Enter getContents method
2018-08-27 18:11:48.303 [http-nio-8081-exec-8] DEBUG com.my.blog.website.service.impl.ContentServiceImpl - Exit getContents method
2018-08-27 18:12:10.063 [http-nio-8081-exec-5] DEBUG com.my.blog.website.service.impl.ContentServiceImpl - Enter getContents method
2018-08-27 18:12:10.077 [http-nio-8081-exec-5] DEBUG com.my.blog.website.service.impl.ContentServiceImpl - Exit getContents method
2018-08-27 18:15:00.401 [http-nio-8081-exec-6] DEBUG com.my.blog.website.service.impl.ContentServiceImpl - Enter getContents method
2018-08-27 18:15:00.409 [http-nio-8081-exec-6] DEBUG com.my.blog.website.service.impl.ContentServiceImpl - Exit getContents method
2018-08-27 18:15:47.092 [http-nio-8081-exec-1] DEBUG com.my.blog.website.service.impl.ContentServiceImpl - Enter getContents method
2018-08-27 18:15:47.104 [http-nio-8081-exec-1] DEBUG com.my.blog.website.service.impl.ContentServiceImpl - Exit getContents method
2018-08-27 18:16:05.246 [http-nio-8081-exec-8] DEBUG com.my.blog.website.service.impl.ContentServiceImpl - Enter getContents method
2018-08-27 18:16:05.260 [http-nio-8081-exec-8] DEBUG com.my.blog.website.service.impl.ContentServiceImpl - Exit getContents method
2018-08-27 18:19:33.691 [http-nio-8081-exec-1] DEBUG com.my.blog.website.service.impl.ContentServiceImpl - Enter getContents method
2018-08-27 18:19:33.716 [http-nio-8081-exec-1] DEBUG com.my.blog.website.service.impl.ContentServiceImpl - Exit getContents method
2018-08-27 18:20:21.273 [http-nio-8081-exec-4] DEBUG com.my.blog.website.service.impl.ContentServiceImpl - Enter getContents method
2018-08-27 18:20:21.288 [http-nio-8081-exec-4] DEBUG com.my.blog.website.service.impl.ContentServiceImpl - Exit getContents method
2018-08-27 18:20:40.408 [http-nio-8081-exec-9] DEBUG com.my.blog.website.service.impl.ContentServiceImpl - Enter getContents method
2018-08-27 18:20:40.416 [http-nio-8081-exec-9] DEBUG com.my.blog.website.service.impl.ContentServiceImpl - Exit getContents method
2018-08-27 18:20:57.640 [http-nio-8081-exec-4] DEBUG com.my.blog.website.service.impl.ContentServiceImpl - Enter getContents method
2018-08-27 18:20:57.656 [http-nio-8081-exec-4] DEBUG com.my.blog.website.service.impl.ContentServiceImpl - Exit getContents method
2018-08-27 18:21:12.849 [http-nio-8081-exec-3] DEBUG com.my.blog.website.service.impl.ContentServiceImpl - Enter getContents method
2018-08-27 18:21:12.860 [http-nio-8081-exec-3] DEBUG com.my.blog.website.service.impl.ContentServiceImpl - Exit getContents method
2018-08-27 18:21:15.411 [http-nio-8081-exec-2] DEBUG com.my.blog.website.service.impl.ContentServiceImpl - Enter getContents method
2018-08-27 18:21:15.419 [http-nio-8081-exec-2] DEBUG com.my.blog.website.service.impl.ContentServiceImpl - Exit getContents method
2018-08-27 18:21:23.096 [http-nio-8081-exec-1] DEBUG com.my.blog.website.service.impl.ContentServiceImpl - Enter getContents method
2018-08-27 18:21:23.108 [http-nio-8081-exec-1] DEBUG com.my.blog.website.service.impl.ContentServiceImpl - Exit getContents method
2018-08-27 18:21:55.383 [http-nio-8081-exec-9] DEBUG com.my.blog.website.service.impl.ContentServiceImpl - Enter getContents method
2018-08-27 18:21:55.394 [http-nio-8081-exec-9] DEBUG com.my.blog.website.service.impl.ContentServiceImpl - Exit getContents method
2018-08-27 18:23:31.333 [http-nio-8081-exec-8] DEBUG com.my.blog.website.service.impl.ContentServiceImpl - Enter getContents method
2018-08-27 18:23:31.383 [http-nio-8081-exec-8] DEBUG com.my.blog.website.service.impl.ContentServiceImpl - Exit getContents method
2018-08-27 18:25:23.727 [http-nio-8081-exec-3] DEBUG com.my.blog.website.service.impl.SiteServiceImpl - Enter getArchives method
2018-08-27 18:25:23.809 [http-nio-8081-exec-3] DEBUG com.my.blog.website.service.impl.SiteServiceImpl - Exit getArchives method
2018-08-27 18:25:27.052 [http-nio-8081-exec-2] DEBUG com.my.blog.website.service.impl.SiteServiceImpl - Enter getArchives method
2018-08-27 18:25:27.067 [http-nio-8081-exec-2] DEBUG com.my.blog.website.service.impl.SiteServiceImpl - Exit getArchives method
2018-08-27 18:25:28.931 [http-nio-8081-exec-1] DEBUG com.my.blog.website.service.impl.SiteServiceImpl - Enter getArchives method
2018-08-27 18:25:28.955 [http-nio-8081-exec-1] DEBUG com.my.blog.website.service.impl.SiteServiceImpl - Exit getArchives method
2018-08-27 18:25:31.997 [http-nio-8081-exec-10] DEBUG com.my.blog.website.service.impl.ContentServiceImpl - Enter getContents method
2018-08-27 18:25:32.016 [http-nio-8081-exec-10] DEBUG com.my.blog.website.service.impl.ContentServiceImpl - Exit getContents method
2018-08-28 08:18:46.569 [http-nio-8081-exec-1] INFO  com.my.blog.website.controller.admin.IndexController - Enter admin index method
2018-08-28 08:18:46.580 [http-nio-8081-exec-1] DEBUG com.my.blog.website.service.impl.SiteServiceImpl - Enter recentComments method:limit=5
2018-08-28 08:18:46.765 [http-nio-8081-exec-1] DEBUG com.my.blog.website.service.impl.SiteServiceImpl - Exit recentComments method
2018-08-28 08:18:46.765 [http-nio-8081-exec-1] DEBUG com.my.blog.website.service.impl.SiteServiceImpl - Enter recentContents method
2018-08-28 08:18:46.796 [http-nio-8081-exec-1] DEBUG com.my.blog.website.service.impl.SiteServiceImpl - Exit recentContents method
2018-08-28 08:18:46.796 [http-nio-8081-exec-1] DEBUG com.my.blog.website.service.impl.SiteServiceImpl - Enter getStatistics method
2018-08-28 08:18:46.878 [http-nio-8081-exec-1] DEBUG com.my.blog.website.service.impl.SiteServiceImpl - Exit getStatistics method
2018-08-28 08:18:46.878 [http-nio-8081-exec-1] DEBUG com.my.blog.website.service.impl.LogServiceImpl - Enter getLogs method:page=1,linit=5
2018-08-28 08:18:46.923 [http-nio-8081-exec-1] DEBUG com.my.blog.website.service.impl.LogServiceImpl - Exit getLogs method
2018-08-28 08:18:46.923 [http-nio-8081-exec-1] INFO  com.my.blog.website.controller.admin.IndexController - Exit admin index method
2018-08-28 08:30:31.326 [http-nio-8081-exec-1] DEBUG com.my.blog.website.service.impl.ContentServiceImpl - Enter getContents method
2018-08-28 08:30:31.633 [http-nio-8081-exec-1] DEBUG com.my.blog.website.service.impl.ContentServiceImpl - Exit getContents method
2018-08-28 08:35:42.681 [http-nio-8081-exec-10] INFO  com.my.blog.website.controller.admin.IndexController - Enter admin index method
2018-08-28 08:35:42.681 [http-nio-8081-exec-10] DEBUG com.my.blog.website.service.impl.SiteServiceImpl - Enter recentComments method:limit=5
2018-08-28 08:35:42.690 [http-nio-8081-exec-10] DEBUG com.my.blog.website.service.impl.SiteServiceImpl - Exit recentComments method
2018-08-28 08:35:42.690 [http-nio-8081-exec-10] DEBUG com.my.blog.website.service.impl.SiteServiceImpl - Enter recentContents method
2018-08-28 08:35:42.709 [http-nio-8081-exec-10] DEBUG com.my.blog.website.service.impl.SiteServiceImpl - Exit recentContents method
2018-08-28 08:35:42.709 [http-nio-8081-exec-10] DEBUG com.my.blog.website.service.impl.SiteServiceImpl - Enter getStatistics method
2018-08-28 08:35:42.734 [http-nio-8081-exec-10] DEBUG com.my.blog.website.service.impl.SiteServiceImpl - Exit getStatistics method
2018-08-28 08:35:42.734 [http-nio-8081-exec-10] DEBUG com.my.blog.website.service.impl.LogServiceImpl - Enter getLogs method:page=1,linit=5
2018-08-28 08:35:42.752 [http-nio-8081-exec-10] DEBUG com.my.blog.website.service.impl.LogServiceImpl - Exit getLogs method
2018-08-28 08:35:42.752 [http-nio-8081-exec-10] INFO  com.my.blog.website.controller.admin.IndexController - Exit admin index method
2018-08-28 08:36:07.066 [http-nio-8081-exec-3] DEBUG com.my.blog.website.service.impl.RelationshipServiceImpl - Enter countById method:cid=8,mid=22
2018-08-28 08:36:07.073 [http-nio-8081-exec-3] DEBUG com.my.blog.website.service.impl.RelationshipServiceImpl - Exit countById method return num=0
2018-08-28 08:36:07.079 [http-nio-8081-exec-3] DEBUG com.my.blog.website.service.impl.RelationshipServiceImpl - Enter countById method:cid=8,mid=23
2018-08-28 08:36:07.081 [http-nio-8081-exec-3] DEBUG com.my.blog.website.service.impl.RelationshipServiceImpl - Exit countById method return num=0
2018-08-28 08:36:07.085 [http-nio-8081-exec-3] DEBUG com.my.blog.website.service.impl.RelationshipServiceImpl - Enter countById method:cid=8,mid=10
2018-08-28 08:36:07.087 [http-nio-8081-exec-3] DEBUG com.my.blog.website.service.impl.RelationshipServiceImpl - Exit countById method return num=0
2018-08-28 08:36:16.487 [http-nio-8081-exec-9] DEBUG com.my.blog.website.service.impl.RelationshipServiceImpl - Enter countById method:cid=8,mid=22
2018-08-28 08:36:16.489 [http-nio-8081-exec-9] DEBUG com.my.blog.website.service.impl.RelationshipServiceImpl - Exit countById method return num=0
2018-08-28 08:36:16.493 [http-nio-8081-exec-9] DEBUG com.my.blog.website.service.impl.RelationshipServiceImpl - Enter countById method:cid=8,mid=23
2018-08-28 08:36:16.495 [http-nio-8081-exec-9] DEBUG com.my.blog.website.service.impl.RelationshipServiceImpl - Exit countById method return num=0
2018-08-28 08:36:16.499 [http-nio-8081-exec-9] DEBUG com.my.blog.website.service.impl.RelationshipServiceImpl - Enter countById method:cid=8,mid=10
2018-08-28 08:36:16.501 [http-nio-8081-exec-9] DEBUG com.my.blog.website.service.impl.RelationshipServiceImpl - Exit countById method return num=0
2018-08-28 08:36:21.945 [http-nio-8081-exec-10] DEBUG com.my.blog.website.service.impl.ContentServiceImpl - Enter getContents method
2018-08-28 08:36:21.958 [http-nio-8081-exec-10] DEBUG com.my.blog.website.service.impl.ContentServiceImpl - Exit getContents method
2018-08-28 08:42:13.361 [http-nio-8081-exec-10] DEBUG com.my.blog.website.service.impl.ContentServiceImpl - Enter getContents method
2018-08-28 08:42:13.372 [http-nio-8081-exec-10] DEBUG com.my.blog.website.service.impl.ContentServiceImpl - Exit getContents method
2018-08-28 08:44:23.229 [http-nio-8081-exec-7] DEBUG com.my.blog.website.service.impl.ContentServiceImpl - Enter getContents method
2018-08-28 08:44:23.261 [http-nio-8081-exec-7] DEBUG com.my.blog.website.service.impl.ContentServiceImpl - Exit getContents method
2018-08-28 08:44:38.625 [http-nio-8081-exec-8] DEBUG com.my.blog.website.service.impl.ContentServiceImpl - Enter getContents method
2018-08-28 08:44:38.644 [http-nio-8081-exec-8] DEBUG com.my.blog.website.service.impl.ContentServiceImpl - Exit getContents method
2018-08-28 08:45:17.112 [http-nio-8081-exec-2] DEBUG com.my.blog.website.service.impl.ContentServiceImpl - Enter getContents method
2018-08-28 08:45:17.127 [http-nio-8081-exec-2] DEBUG com.my.blog.website.service.impl.ContentServiceImpl - Exit getContents method
2018-08-28 08:49:02.205 [http-nio-8081-exec-5] DEBUG com.my.blog.website.service.impl.ContentServiceImpl - Enter getContents method
2018-08-28 08:49:02.236 [http-nio-8081-exec-5] DEBUG com.my.blog.website.service.impl.ContentServiceImpl - Exit getContents method
2018-08-28 08:51:07.512 [http-nio-8081-exec-7] DEBUG com.my.blog.website.service.impl.ContentServiceImpl - Enter getContents method
2018-08-28 08:51:07.522 [http-nio-8081-exec-7] DEBUG com.my.blog.website.service.impl.ContentServiceImpl - Exit getContents method
2018-08-28 09:47:11.504 [http-nio-8081-exec-4] DEBUG com.my.blog.website.service.impl.ContentServiceImpl - Enter getContents method
2018-08-28 09:47:13.823 [http-nio-8081-exec-4] DEBUG com.my.blog.website.service.impl.ContentServiceImpl - Exit getContents method
2018-08-28 09:48:17.045 [http-nio-8081-exec-8] DEBUG com.my.blog.website.service.impl.ContentServiceImpl - Enter getContents method
2018-08-28 09:48:17.076 [http-nio-8081-exec-8] DEBUG com.my.blog.website.service.impl.ContentServiceImpl - Exit getContents method
2018-08-28 09:49:01.502 [http-nio-8081-exec-1] DEBUG com.my.blog.website.service.impl.ContentServiceImpl - Enter getContents method
2018-08-28 09:49:01.524 [http-nio-8081-exec-1] DEBUG com.my.blog.website.service.impl.ContentServiceImpl - Exit getContents method
2018-08-28 09:49:07.396 [http-nio-8081-exec-7] DEBUG com.my.blog.website.service.impl.ContentServiceImpl - Enter getContents method
2018-08-28 09:49:07.468 [http-nio-8081-exec-7] DEBUG com.my.blog.website.service.impl.ContentServiceImpl - Exit getContents method
2018-08-28 09:49:22.487 [http-nio-8081-exec-1] DEBUG com.my.blog.website.service.impl.ContentServiceImpl - Enter getContents method
2018-08-28 09:49:22.623 [http-nio-8081-exec-1] DEBUG com.my.blog.website.service.impl.ContentServiceImpl - Exit getContents method
2018-08-28 09:50:11.003 [http-nio-8081-exec-4] DEBUG com.my.blog.website.service.impl.ContentServiceImpl - Enter getContents method
2018-08-28 09:50:11.178 [http-nio-8081-exec-4] DEBUG com.my.blog.website.service.impl.ContentServiceImpl - Exit getContents method
2018-08-28 09:50:18.241 [http-nio-8081-exec-5] DEBUG com.my.blog.website.service.impl.ContentServiceImpl - Enter getContents method
2018-08-28 09:50:18.275 [http-nio-8081-exec-5] DEBUG com.my.blog.website.service.impl.ContentServiceImpl - Exit getContents method
2018-08-28 09:52:09.128 [http-nio-8081-exec-1] DEBUG com.my.blog.website.service.impl.ContentServiceImpl - Enter getContents method
2018-08-28 09:52:09.145 [http-nio-8081-exec-1] DEBUG com.my.blog.website.service.impl.ContentServiceImpl - Exit getContents method
2018-08-28 09:52:13.945 [http-nio-8081-exec-10] DEBUG com.my.blog.website.service.impl.ContentServiceImpl - Enter getContents method
2018-08-28 09:52:13.956 [http-nio-8081-exec-10] DEBUG com.my.blog.website.service.impl.ContentServiceImpl - Exit getContents method
2018-08-28 09:52:22.328 [http-nio-8081-exec-8] DEBUG com.my.blog.website.service.impl.ContentServiceImpl - Enter getContents method
2018-08-28 09:52:22.344 [http-nio-8081-exec-8] DEBUG com.my.blog.website.service.impl.ContentServiceImpl - Exit getContents method
2018-08-28 09:52:24.376 [http-nio-8081-exec-2] DEBUG com.my.blog.website.service.impl.ContentServiceImpl - Enter getContents method
2018-08-28 09:52:24.407 [http-nio-8081-exec-2] DEBUG com.my.blog.website.service.impl.ContentServiceImpl - Exit getContents method
2018-08-28 09:52:25.310 [http-nio-8081-exec-9] DEBUG com.my.blog.website.service.impl.ContentServiceImpl - Enter getContents method
2018-08-28 09:52:25.321 [http-nio-8081-exec-9] DEBUG com.my.blog.website.service.impl.ContentServiceImpl - Exit getContents method
2018-08-28 09:52:25.849 [http-nio-8081-exec-3] DEBUG com.my.blog.website.service.impl.ContentServiceImpl - Enter getContents method
2018-08-28 09:52:25.905 [http-nio-8081-exec-3] DEBUG com.my.blog.website.service.impl.ContentServiceImpl - Exit getContents method
2018-08-28 09:52:26.129 [http-nio-8081-exec-7] DEBUG com.my.blog.website.service.impl.ContentServiceImpl - Enter getContents method
2018-08-28 09:52:26.152 [http-nio-8081-exec-7] DEBUG com.my.blog.website.service.impl.ContentServiceImpl - Exit getContents method
2018-08-28 09:52:26.945 [http-nio-8081-exec-5] DEBUG com.my.blog.website.service.impl.ContentServiceImpl - Enter getContents method
2018-08-28 09:52:26.957 [http-nio-8081-exec-5] DEBUG com.my.blog.website.service.impl.ContentServiceImpl - Exit getContents method
2018-08-28 09:52:42.797 [http-nio-8081-exec-10] DEBUG com.my.blog.website.service.impl.ContentServiceImpl - Enter getContents method
2018-08-28 09:52:42.805 [http-nio-8081-exec-10] DEBUG com.my.blog.website.service.impl.ContentServiceImpl - Exit getContents method
2018-08-28 09:52:43.402 [http-nio-8081-exec-4] DEBUG com.my.blog.website.service.impl.ContentServiceImpl - Enter getContents method
2018-08-28 09:52:43.417 [http-nio-8081-exec-4] DEBUG com.my.blog.website.service.impl.ContentServiceImpl - Exit getContents method
2018-08-28 09:52:43.615 [http-nio-8081-exec-8] DEBUG com.my.blog.website.service.impl.ContentServiceImpl - Enter getContents method
2018-08-28 09:52:43.629 [http-nio-8081-exec-8] DEBUG com.my.blog.website.service.impl.ContentServiceImpl - Exit getContents method
2018-08-28 09:52:43.795 [http-nio-8081-exec-2] DEBUG com.my.blog.website.service.impl.ContentServiceImpl - Enter getContents method
2018-08-28 09:52:43.806 [http-nio-8081-exec-2] DEBUG com.my.blog.website.service.impl.ContentServiceImpl - Exit getContents method
2018-08-28 09:52:43.986 [http-nio-8081-exec-9] DEBUG com.my.blog.website.service.impl.ContentServiceImpl - Enter getContents method
2018-08-28 09:52:44.013 [http-nio-8081-exec-9] DEBUG com.my.blog.website.service.impl.ContentServiceImpl - Exit getContents method
2018-08-28 10:04:27.888 [http-nio-8081-exec-1] DEBUG com.my.blog.website.service.impl.ContentServiceImpl - Enter getContents method
2018-08-28 10:04:28.309 [http-nio-8081-exec-1] DEBUG com.my.blog.website.service.impl.ContentServiceImpl - Exit getContents method
2018-08-28 10:04:31.913 [http-nio-8081-exec-3] DEBUG com.my.blog.website.service.impl.ContentServiceImpl - Enter getContents method
2018-08-28 10:04:31.935 [http-nio-8081-exec-3] DEBUG com.my.blog.website.service.impl.ContentServiceImpl - Exit getContents method
2018-08-28 10:05:50.185 [http-nio-8081-exec-5] DEBUG com.my.blog.website.service.impl.ContentServiceImpl - Enter getContents method
2018-08-28 10:05:50.202 [http-nio-8081-exec-5] DEBUG com.my.blog.website.service.impl.ContentServiceImpl - Exit getContents method
2018-08-28 10:06:04.387 [http-nio-8081-exec-9] DEBUG com.my.blog.website.service.impl.ContentServiceImpl - Enter getContents method
2018-08-28 10:06:04.415 [http-nio-8081-exec-9] DEBUG com.my.blog.website.service.impl.ContentServiceImpl - Exit getContents method
2018-08-28 10:06:37.902 [http-nio-8081-exec-9] DEBUG com.my.blog.website.service.impl.ContentServiceImpl - Enter getContents method
2018-08-28 10:06:37.924 [http-nio-8081-exec-9] DEBUG com.my.blog.website.service.impl.ContentServiceImpl - Exit getContents method
2018-08-28 10:08:02.245 [http-nio-8081-exec-8] DEBUG com.my.blog.website.service.impl.ContentServiceImpl - Enter getContents method
2018-08-28 10:08:02.265 [http-nio-8081-exec-8] DEBUG com.my.blog.website.service.impl.ContentServiceImpl - Exit getContents method
2018-08-28 12:48:00.916 [http-nio-8081-exec-9] DEBUG com.my.blog.website.service.impl.ContentServiceImpl - Enter getContents method
2018-08-28 12:48:01.944 [http-nio-8081-exec-9] DEBUG com.my.blog.website.service.impl.ContentServiceImpl - Exit getContents method
2018-08-28 12:48:39.416 [http-nio-8081-exec-2] DEBUG com.my.blog.website.service.impl.ContentServiceImpl - Enter getContents method
2018-08-28 12:48:40.419 [http-nio-8081-exec-2] DEBUG com.my.blog.website.service.impl.ContentServiceImpl - Exit getContents method
2018-08-28 12:48:55.750 [http-nio-8081-exec-3] DEBUG com.my.blog.website.service.impl.ContentServiceImpl - Enter getContents method
2018-08-28 12:48:56.026 [http-nio-8081-exec-3] DEBUG com.my.blog.website.service.impl.ContentServiceImpl - Exit getContents method
2018-08-28 12:53:20.290 [http-nio-8081-exec-5] DEBUG com.my.blog.website.service.impl.ContentServiceImpl - Enter getContents method
2018-08-28 12:53:20.310 [http-nio-8081-exec-5] DEBUG com.my.blog.website.service.impl.ContentServiceImpl - Exit getContents method
2018-08-28 12:55:31.508 [http-nio-8081-exec-9] DEBUG com.my.blog.website.service.impl.ContentServiceImpl - Enter getContents method
2018-08-28 12:55:31.548 [http-nio-8081-exec-9] DEBUG com.my.blog.website.service.impl.ContentServiceImpl - Exit getContents method
2018-08-28 12:57:25.936 [http-nio-8081-exec-5] DEBUG com.my.blog.website.service.impl.ContentServiceImpl - Enter getContents method
2018-08-28 12:57:25.965 [http-nio-8081-exec-5] DEBUG com.my.blog.website.service.impl.ContentServiceImpl - Exit getContents method
2018-08-28 12:57:38.117 [http-nio-8081-exec-3] DEBUG com.my.blog.website.service.impl.ContentServiceImpl - Enter getContents method
2018-08-28 12:57:38.127 [http-nio-8081-exec-3] DEBUG com.my.blog.website.service.impl.ContentServiceImpl - Exit getContents method
2018-08-28 12:57:55.505 [http-nio-8081-exec-8] DEBUG com.my.blog.website.service.impl.ContentServiceImpl - Enter getContents method
2018-08-28 12:57:55.539 [http-nio-8081-exec-8] DEBUG com.my.blog.website.service.impl.ContentServiceImpl - Exit getContents method
2018-08-28 12:58:41.574 [http-nio-8081-exec-6] DEBUG com.my.blog.website.service.impl.ContentServiceImpl - Enter getContents method
2018-08-28 12:58:41.595 [http-nio-8081-exec-6] DEBUG com.my.blog.website.service.impl.ContentServiceImpl - Exit getContents method
2018-08-28 13:00:05.450 [http-nio-8081-exec-5] DEBUG com.my.blog.website.service.impl.ContentServiceImpl - Enter getContents method
2018-08-28 13:00:05.466 [http-nio-8081-exec-5] DEBUG com.my.blog.website.service.impl.ContentServiceImpl - Exit getContents method
2018-08-28 13:01:44.751 [http-nio-8081-exec-1] DEBUG com.my.blog.website.service.impl.ContentServiceImpl - Enter getContents method
2018-08-28 13:01:44.966 [http-nio-8081-exec-1] DEBUG com.my.blog.website.service.impl.ContentServiceImpl - Exit getContents method
2018-08-28 13:02:25.645 [http-nio-8081-exec-10] DEBUG com.my.blog.website.service.impl.ContentServiceImpl - Enter getContents method
2018-08-28 13:02:25.667 [http-nio-8081-exec-10] DEBUG com.my.blog.website.service.impl.ContentServiceImpl - Exit getContents method
2018-08-28 13:03:12.199 [http-nio-8081-exec-1] DEBUG com.my.blog.website.service.impl.ContentServiceImpl - Enter getContents method
2018-08-28 13:03:12.214 [http-nio-8081-exec-1] DEBUG com.my.blog.website.service.impl.ContentServiceImpl - Exit getContents method
2018-08-28 13:03:16.580 [http-nio-8081-exec-3] DEBUG com.my.blog.website.service.impl.ContentServiceImpl - Enter getContents method
2018-08-28 13:03:16.605 [http-nio-8081-exec-3] DEBUG com.my.blog.website.service.impl.ContentServiceImpl - Exit getContents method
2018-08-28 13:03:29.973 [http-nio-8081-exec-1] DEBUG com.my.blog.website.service.impl.ContentServiceImpl - Enter getContents method
2018-08-28 13:03:29.987 [http-nio-8081-exec-1] DEBUG com.my.blog.website.service.impl.ContentServiceImpl - Exit getContents method
2018-08-28 13:05:42.694 [http-nio-8081-exec-1] DEBUG com.my.blog.website.service.impl.ContentServiceImpl - Enter getContents method
2018-08-28 13:05:42.847 [http-nio-8081-exec-1] DEBUG com.my.blog.website.service.impl.ContentServiceImpl - Exit getContents method
2018-08-28 13:07:06.537 [http-nio-8081-exec-1] DEBUG com.my.blog.website.service.impl.ContentServiceImpl - Enter getContents method
2018-08-28 13:07:06.719 [http-nio-8081-exec-1] DEBUG com.my.blog.website.service.impl.ContentServiceImpl - Exit getContents method
2018-08-28 15:25:18.147 [http-nio-8081-exec-1] DEBUG com.my.blog.website.service.impl.ContentServiceImpl - Enter getContents method
2018-08-28 15:25:18.294 [http-nio-8081-exec-1] DEBUG com.my.blog.website.service.impl.ContentServiceImpl - Exit getContents method
